Determining if the pthread_create exist failed with the following output:
Change Dir: /home/liwei/My_project/my_avp/build/CMakeFiles/CMakeTmp

Run Build Command:"/usr/bin/make" "cmTC_6b47d/fast"
/usr/bin/make -f CMakeFiles/cmTC_6b47d.dir/build.make CMakeFiles/cmTC_6b47d.dir/build
make[1]: Entering directory '/home/liwei/My_project/my_avp/build/CMakeFiles/CMakeTmp'
Building C object CMakeFiles/cmTC_6b47d.dir/CheckSymbolExists.c.o
/usr/bin/cc    -o CMakeFiles/cmTC_6b47d.dir/CheckSymbolExists.c.o   -c /home/liwei/My_project/my_avp/build/CMakeFiles/CMakeTmp/CheckSymbolExists.c
Linking C executable cmTC_6b47d
/usr/bin/cmake -E cmake_link_script CMakeFiles/cmTC_6b47d.dir/link.txt --verbose=1
/usr/bin/cc      -rdynamic CMakeFiles/cmTC_6b47d.dir/CheckSymbolExists.c.o  -o cmTC_6b47d 
CMakeFiles/cmTC_6b47d.dir/CheckSymbolExists.c.o: In function `main':
CheckSymbolExists.c:(.text+0x1b): undefined reference to `pthread_create'
collect2: error: ld returned 1 exit status
CMakeFiles/cmTC_6b47d.dir/build.make:97: recipe for target 'cmTC_6b47d' failed
make[1]: *** [cmTC_6b47d] Error 1
make[1]: Leaving directory '/home/liwei/My_project/my_avp/build/CMakeFiles/CMakeTmp'
Makefile:126: recipe for target 'cmTC_6b47d/fast' failed
make: *** [cmTC_6b47d/fast] Error 2

File /home/liwei/My_project/my_avp/build/CMakeFiles/CMakeTmp/CheckSymbolExists.c:
/* */
#include <pthread.h>

int main(int argc, char** argv)
{
  (void)argv;
#ifndef pthread_create
  return ((int*)(&pthread_create))[argc];
#else
  (void)argc;
  return 0;
#endif
}

Determining if the function pthread_create exists in the pthreads failed with the following output:
Change Dir: /home/liwei/My_project/my_avp/build/CMakeFiles/CMakeTmp

Run Build Command:"/usr/bin/make" "cmTC_abbbb/fast"
/usr/bin/make -f CMakeFiles/cmTC_abbbb.dir/build.make CMakeFiles/cmTC_abbbb.dir/build
make[1]: Entering directory '/home/liwei/My_project/my_avp/build/CMakeFiles/CMakeTmp'
Building C object CMakeFiles/cmTC_abbbb.dir/CheckFunctionExists.c.o
/usr/bin/cc   -DCHECK_FUNCTION_EXISTS=pthread_create   -o CMakeFiles/cmTC_abbbb.dir/CheckFunctionExists.c.o   -c /usr/share/cmake-3.10/Modules/CheckFunctionExists.c
Linking C executable cmTC_abbbb
/usr/bin/cmake -E cmake_link_script CMakeFiles/cmTC_abbbb.dir/link.txt --verbose=1
/usr/bin/cc  -DCHECK_FUNCTION_EXISTS=pthread_create    -rdynamic CMakeFiles/cmTC_abbbb.dir/CheckFunctionExists.c.o  -o cmTC_abbbb -lpthreads 
/usr/bin/ld: cannot find -lpthreads
collect2: error: ld returned 1 exit status
CMakeFiles/cmTC_abbbb.dir/build.make:97: recipe for target 'cmTC_abbbb' failed
make[1]: *** [cmTC_abbbb] Error 1
make[1]: Leaving directory '/home/liwei/My_project/my_avp/build/CMakeFiles/CMakeTmp'
Makefile:126: recipe for target 'cmTC_abbbb/fast' failed
make: *** [cmTC_abbbb/fast] Error 2


